{"/Users/federicomoralesotero/Desktop/OVloop/back/src/controllers/messages.controller.js": {"path":"/Users/federicomoralesotero/Desktop/OVloop/back/src/controllers/messages.controller.js","statementMap":{"0":{"start":{"line":1,"column":19},"end":{"line":1,"column":50}},"1":{"start":{"line":2,"column":22},"end":{"line":2,"column":58}},"2":{"start":{"line":3,"column":12},"end":{"line":3,"column":29}},"3":{"start":{"line":4,"column":25},"end":{"line":4,"column":70}},"4":{"start":{"line":7,"column":21},"end":{"line":10,"column":1}},"5":{"start":{"line":9,"column":4},"end":{"line":9,"column":22}},"6":{"start":{"line":14,"column":23},"end":{"line":14,"column":81}},"7":{"start":{"line":15,"column":8},"end":{"line":16,"column":41}},"8":{"start":{"line":15,"column":28},"end":{"line":15,"column":43}},"9":{"start":{"line":16,"column":13},"end":{"line":16,"column":41}},"10":{"start":{"line":20,"column":23},"end":{"line":20,"column":60}},"11":{"start":{"line":21,"column":8},"end":{"line":21,"column":36}},"12":{"start":{"line":25,"column":23},"end":{"line":25,"column":59}},"13":{"start":{"line":26,"column":8},"end":{"line":26,"column":36}},"14":{"start":{"line":30,"column":8},"end":{"line":35,"column":9}},"15":{"start":{"line":30,"column":23},"end":{"line":30,"column":38}},"16":{"start":{"line":32,"column":58},"end":{"line":32,"column":66}},"17":{"start":{"line":33,"column":27},"end":{"line":33,"column":93}},"18":{"start":{"line":34,"column":12},"end":{"line":34,"column":40}},"19":{"start":{"line":39,"column":54},"end":{"line":39,"column":62}},"20":{"start":{"line":40,"column":26},"end":{"line":40,"column":62}},"21":{"start":{"line":43,"column":8},"end":{"line":60,"column":9}},"22":{"start":{"line":50,"column":12},"end":{"line":50,"column":70}},"23":{"start":{"line":53,"column":12},"end":{"line":59,"column":13}},"24":{"start":{"line":54,"column":16},"end":{"line":54,"column":88}},"25":{"start":{"line":55,"column":16},"end":{"line":55,"column":83}},"26":{"start":{"line":57,"column":16},"end":{"line":57,"column":66}},"27":{"start":{"line":58,"column":16},"end":{"line":58,"column":62}},"28":{"start":{"line":64,"column":0},"end":{"line":64,"column":36}}},"fnMap":{"0":{"name":"(anonymous_0)","decl":{"start":{"line":7,"column":21},"end":{"line":7,"column":22}},"loc":{"start":{"line":7,"column":27},"end":{"line":10,"column":1}},"line":7},"1":{"name":"(anonymous_1)","decl":{"start":{"line":13,"column":4},"end":{"line":13,"column":5}},"loc":{"start":{"line":13,"column":44},"end":{"line":17,"column":5}},"line":13},"2":{"name":"(anonymous_2)","decl":{"start":{"line":19,"column":4},"end":{"line":19,"column":5}},"loc":{"start":{"line":19,"column":43},"end":{"line":22,"column":5}},"line":19},"3":{"name":"(anonymous_3)","decl":{"start":{"line":24,"column":4},"end":{"line":24,"column":5}},"loc":{"start":{"line":24,"column":42},"end":{"line":27,"column":5}},"line":24},"4":{"name":"(anonymous_4)","decl":{"start":{"line":29,"column":4},"end":{"line":29,"column":5}},"loc":{"start":{"line":29,"column":39},"end":{"line":36,"column":5}},"line":29},"5":{"name":"(anonymous_5)","decl":{"start":{"line":38,"column":4},"end":{"line":38,"column":5}},"loc":{"start":{"line":38,"column":34},"end":{"line":61,"column":5}},"line":38}},"branchMap":{"0":{"loc":{"start":{"line":15,"column":8},"end":{"line":16,"column":41}},"type":"if","locations":[{"start":{"line":15,"column":8},"end":{"line":16,"column":41}},{"start":{"line":15,"column":8},"end":{"line":16,"column":41}}],"line":15},"1":{"loc":{"start":{"line":30,"column":8},"end":{"line":35,"column":9}},"type":"if","locations":[{"start":{"line":30,"column":8},"end":{"line":35,"column":9}},{"start":{"line":30,"column":8},"end":{"line":35,"column":9}}],"line":30},"2":{"loc":{"start":{"line":40,"column":26},"end":{"line":40,"column":62}},"type":"binary-expr","locations":[{"start":{"line":40,"column":26},"end":{"line":40,"column":44}},{"start":{"line":40,"column":48},"end":{"line":40,"column":62}}],"line":40},"3":{"loc":{"start":{"line":43,"column":8},"end":{"line":60,"column":9}},"type":"if","locations":[{"start":{"line":43,"column":8},"end":{"line":60,"column":9}},{"start":{"line":43,"column":8},"end":{"line":60,"column":9}}],"line":43},"4":{"loc":{"start":{"line":43,"column":12},"end":{"line":48,"column":41}},"type":"binary-expr","locations":[{"start":{"line":43,"column":12},"end":{"line":43,"column":24}},{"start":{"line":43,"column":28},"end":{"line":43,"column":32}},{"start":{"line":43,"column":36},"end":{"line":43,"column":43}},{"start":{"line":44,"column":12},"end":{"line":44,"column":43}},{"start":{"line":45,"column":12},"end":{"line":45,"column":35}},{"start":{"line":46,"column":12},"end":{"line":46,"column":38}},{"start":{"line":47,"column":12},"end":{"line":47,"column":39}},{"start":{"line":48,"column":12},"end":{"line":48,"column":41}}],"line":43}},"s":{"0":1,"1":1,"2":1,"3":1,"4":1,"5":0,"6":1,"7":1,"8":0,"9":1,"10":0,"11":0,"12":0,"13":0,"14":2,"15":1,"16":1,"17":1,"18":1,"19":0,"20":0,"21":0,"22":0,"23":0,"24":0,"25":0,"26":0,"27":0,"28":1},"f":{"0":0,"1":1,"2":0,"3":0,"4":2,"5":0},"b":{"0":[0,1],"1":[1,1],"2":[0,0],"3":[0,0],"4":[0,0,0,0,0,0,0,0]},"_coverageSchema":"43e27e138ebf9cfc5966b082cf9a028302ed4184","hash":"f36b4e0f066e7fcdf8c7a503d6aefbac794c827c"}
,"/Users/federicomoralesotero/Desktop/OVloop/back/src/daos/messages.dao.js": {"path":"/Users/federicomoralesotero/Desktop/OVloop/back/src/daos/messages.dao.js","statementMap":{"0":{"start":{"line":1,"column":16},"end":{"line":1,"column":46}},"1":{"start":{"line":2,"column":19},"end":{"line":2,"column":52}},"2":{"start":{"line":4,"column":12},"end":{"line":4,"column":30}},"3":{"start":{"line":5,"column":0},"end":{"line":5,"column":43}},"4":{"start":{"line":9,"column":8},"end":{"line":14,"column":14}},"5":{"start":{"line":13,"column":16},"end":{"line":13,"column":31}},"6":{"start":{"line":17,"column":8},"end":{"line":20,"column":14}},"7":{"start":{"line":19,"column":16},"end":{"line":19,"column":28}},"8":{"start":{"line":23,"column":25},"end":{"line":23,"column":53}},"9":{"start":{"line":24,"column":8},"end":{"line":24,"column":24}},"10":{"start":{"line":27,"column":8},"end":{"line":28,"column":51}},"11":{"start":{"line":28,"column":33},"end":{"line":28,"column":47}},"12":{"start":{"line":32,"column":23},"end":{"line":35,"column":9}},"13":{"start":{"line":36,"column":8},"end":{"line":36,"column":40}},"14":{"start":{"line":38,"column":35},"end":{"line":38,"column":112}},"15":{"start":{"line":40,"column":8},"end":{"line":61,"column":9}},"16":{"start":{"line":42,"column":12},"end":{"line":56,"column":18}},"17":{"start":{"line":44,"column":20},"end":{"line":44,"column":76}},"18":{"start":{"line":45,"column":20},"end":{"line":55,"column":26}},"19":{"start":{"line":47,"column":28},"end":{"line":47,"column":93}},"20":{"start":{"line":47,"column":48},"end":{"line":47,"column":93}},"21":{"start":{"line":50,"column":28},"end":{"line":54,"column":34}},"22":{"start":{"line":52,"column":36},"end":{"line":52,"column":56}},"23":{"start":{"line":53,"column":36},"end":{"line":53,"column":50}},"24":{"start":{"line":58,"column":12},"end":{"line":58,"column":56}},"25":{"start":{"line":59,"column":12},"end":{"line":60,"column":46}},"26":{"start":{"line":60,"column":33},"end":{"line":60,"column":43}},"27":{"start":{"line":65,"column":0},"end":{"line":65,"column":29}}},"fnMap":{"0":{"name":"(anonymous_0)","decl":{"start":{"line":8,"column":4},"end":{"line":8,"column":5}},"loc":{"start":{"line":8,"column":39},"end":{"line":15,"column":5}},"line":8},"1":{"name":"(anonymous_1)","decl":{"start":{"line":12,"column":18},"end":{"line":12,"column":19}},"loc":{"start":{"line":12,"column":31},"end":{"line":14,"column":13}},"line":12},"2":{"name":"(anonymous_2)","decl":{"start":{"line":16,"column":4},"end":{"line":16,"column":5}},"loc":{"start":{"line":16,"column":30},"end":{"line":21,"column":5}},"line":16},"3":{"name":"(anonymous_3)","decl":{"start":{"line":18,"column":18},"end":{"line":18,"column":19}},"loc":{"start":{"line":18,"column":28},"end":{"line":20,"column":13}},"line":18},"4":{"name":"(anonymous_4)","decl":{"start":{"line":22,"column":4},"end":{"line":22,"column":5}},"loc":{"start":{"line":22,"column":35},"end":{"line":25,"column":5}},"line":22},"5":{"name":"(anonymous_5)","decl":{"start":{"line":26,"column":4},"end":{"line":26,"column":5}},"loc":{"start":{"line":26,"column":28},"end":{"line":29,"column":5}},"line":26},"6":{"name":"(anonymous_6)","decl":{"start":{"line":28,"column":18},"end":{"line":28,"column":19}},"loc":{"start":{"line":28,"column":31},"end":{"line":28,"column":49}},"line":28},"7":{"name":"(anonymous_7)","decl":{"start":{"line":30,"column":4},"end":{"line":30,"column":5}},"loc":{"start":{"line":30,"column":27},"end":{"line":62,"column":5}},"line":30},"8":{"name":"(anonymous_8)","decl":{"start":{"line":43,"column":22},"end":{"line":43,"column":23}},"loc":{"start":{"line":43,"column":32},"end":{"line":56,"column":17}},"line":43},"9":{"name":"(anonymous_9)","decl":{"start":{"line":46,"column":30},"end":{"line":46,"column":31}},"loc":{"start":{"line":46,"column":42},"end":{"line":48,"column":25}},"line":46},"10":{"name":"(anonymous_10)","decl":{"start":{"line":49,"column":30},"end":{"line":49,"column":31}},"loc":{"start":{"line":49,"column":39},"end":{"line":55,"column":25}},"line":49},"11":{"name":"(anonymous_11)","decl":{"start":{"line":51,"column":38},"end":{"line":51,"column":39}},"loc":{"start":{"line":51,"column":49},"end":{"line":54,"column":33}},"line":51},"12":{"name":"(anonymous_12)","decl":{"start":{"line":60,"column":22},"end":{"line":60,"column":23}},"loc":{"start":{"line":60,"column":31},"end":{"line":60,"column":45}},"line":60}},"branchMap":{"0":{"loc":{"start":{"line":47,"column":28},"end":{"line":47,"column":93}},"type":"if","locations":[{"start":{"line":47,"column":28},"end":{"line":47,"column":93}},{"start":{"line":47,"column":28},"end":{"line":47,"column":93}}],"line":47}},"s":{"0":3,"1":3,"2":3,"3":3,"4":2,"5":2,"6":7,"7":7,"8":0,"9":0,"10":0,"11":0,"12":1,"13":1,"14":1,"15":1,"16":1,"17":0,"18":0,"19":0,"20":0,"21":0,"22":0,"23":0,"24":0,"25":0,"26":0,"27":3},"f":{"0":2,"1":2,"2":7,"3":7,"4":0,"5":0,"6":0,"7":1,"8":0,"9":0,"10":0,"11":0,"12":0},"b":{"0":[0,0]},"_coverageSchema":"43e27e138ebf9cfc5966b082cf9a028302ed4184","hash":"7fd7b8ba7460b5b275a92b1bde7a0be336895ac8"}
,"/Users/federicomoralesotero/Desktop/OVloop/back/src/dbmodels/message.js": {"path":"/Users/federicomoralesotero/Desktop/OVloop/back/src/dbmodels/message.js","statementMap":{"0":{"start":{"line":1,"column":17},"end":{"line":1,"column":36}},"1":{"start":{"line":3,"column":21},"end":{"line":3,"column":35}},"2":{"start":{"line":5,"column":20},"end":{"line":13,"column":25}},"3":{"start":{"line":15,"column":0},"end":{"line":17,"column":2}},"4":{"start":{"line":16,"column":4},"end":{"line":16,"column":24}},"5":{"start":{"line":19,"column":16},"end":{"line":19,"column":57}},"6":{"start":{"line":21,"column":0},"end":{"line":21,"column":24}}},"fnMap":{"0":{"name":"(anonymous_0)","decl":{"start":{"line":15,"column":37},"end":{"line":15,"column":38}},"loc":{"start":{"line":15,"column":49},"end":{"line":17,"column":1}},"line":15}},"branchMap":{},"s":{"0":3,"1":3,"2":3,"3":3,"4":1,"5":3,"6":3},"f":{"0":1},"b":{},"_coverageSchema":"43e27e138ebf9cfc5966b082cf9a028302ed4184","hash":"8cb7464df052da357621043e3e96cb18557174e2"}
,"/Users/federicomoralesotero/Desktop/OVloop/back/src/dbmodels/originList.js": {"path":"/Users/federicomoralesotero/Desktop/OVloop/back/src/dbmodels/originList.js","statementMap":{"0":{"start":{"line":1,"column":17},"end":{"line":1,"column":36}},"1":{"start":{"line":3,"column":22},"end":{"line":5,"column":25}},"2":{"start":{"line":7,"column":19},"end":{"line":7,"column":64}},"3":{"start":{"line":9,"column":0},"end":{"line":9,"column":28}}},"fnMap":{},"branchMap":{},"s":{"0":3,"1":3,"2":3,"3":3},"f":{},"b":{},"_coverageSchema":"43e27e138ebf9cfc5966b082cf9a028302ed4184","hash":"bf72b0560830726348d8b255c9288f4430118d0a"}
,"/Users/federicomoralesotero/Desktop/OVloop/back/src/models/messages.models.js": {"path":"/Users/federicomoralesotero/Desktop/OVloop/back/src/models/messages.models.js","statementMap":{"0":{"start":{"line":1,"column":19},"end":{"line":1,"column":50}},"1":{"start":{"line":5,"column":8},"end":{"line":5,"column":43}},"2":{"start":{"line":9,"column":8},"end":{"line":9,"column":42}},"3":{"start":{"line":13,"column":8},"end":{"line":13,"column":53}},"4":{"start":{"line":17,"column":20},"end":{"line":17,"column":22}},"5":{"start":{"line":18,"column":8},"end":{"line":73,"column":9}},"6":{"start":{"line":19,"column":12},"end":{"line":53,"column":13}},"7":{"start":{"line":20,"column":16},"end":{"line":26,"column":17}},"8":{"start":{"line":27,"column":19},"end":{"line":53,"column":13}},"9":{"start":{"line":28,"column":16},"end":{"line":34,"column":17}},"10":{"start":{"line":37,"column":17},"end":{"line":53,"column":13}},"11":{"start":{"line":38,"column":16},"end":{"line":44,"column":17}},"12":{"start":{"line":47,"column":16},"end":{"line":52,"column":17}},"13":{"start":{"line":55,"column":12},"end":{"line":72,"column":13}},"14":{"start":{"line":56,"column":16},"end":{"line":58,"column":17}},"15":{"start":{"line":59,"column":19},"end":{"line":72,"column":13}},"16":{"start":{"line":60,"column":16},"end":{"line":62,"column":17}},"17":{"start":{"line":64,"column":17},"end":{"line":72,"column":13}},"18":{"start":{"line":65,"column":16},"end":{"line":67,"column":17}},"19":{"start":{"line":70,"column":16},"end":{"line":71,"column":17}},"20":{"start":{"line":74,"column":8},"end":{"line":74,"column":44}},"21":{"start":{"line":77,"column":22},"end":{"line":77,"column":32}},"22":{"start":{"line":78,"column":24},"end":{"line":87,"column":9}},"23":{"start":{"line":88,"column":8},"end":{"line":88,"column":41}},"24":{"start":{"line":92,"column":0},"end":{"line":92,"column":31}}},"fnMap":{"0":{"name":"(anonymous_0)","decl":{"start":{"line":4,"column":4},"end":{"line":4,"column":5}},"loc":{"start":{"line":4,"column":29},"end":{"line":6,"column":5}},"line":4},"1":{"name":"(anonymous_1)","decl":{"start":{"line":8,"column":4},"end":{"line":8,"column":5}},"loc":{"start":{"line":8,"column":28},"end":{"line":10,"column":5}},"line":8},"2":{"name":"(anonymous_2)","decl":{"start":{"line":12,"column":4},"end":{"line":12,"column":5}},"loc":{"start":{"line":12,"column":45},"end":{"line":14,"column":5}},"line":12},"3":{"name":"(anonymous_3)","decl":{"start":{"line":16,"column":4},"end":{"line":16,"column":5}},"loc":{"start":{"line":16,"column":58},"end":{"line":75,"column":5}},"line":16},"4":{"name":"(anonymous_4)","decl":{"start":{"line":76,"column":4},"end":{"line":76,"column":5}},"loc":{"start":{"line":76,"column":70},"end":{"line":89,"column":5}},"line":76}},"branchMap":{"0":{"loc":{"start":{"line":18,"column":8},"end":{"line":73,"column":9}},"type":"if","locations":[{"start":{"line":18,"column":8},"end":{"line":73,"column":9}},{"start":{"line":18,"column":8},"end":{"line":73,"column":9}}],"line":18},"1":{"loc":{"start":{"line":18,"column":12},"end":{"line":18,"column":22}},"type":"binary-expr","locations":[{"start":{"line":18,"column":12},"end":{"line":18,"column":14}},{"start":{"line":18,"column":18},"end":{"line":18,"column":22}}],"line":18},"2":{"loc":{"start":{"line":19,"column":12},"end":{"line":53,"column":13}},"type":"if","locations":[{"start":{"line":19,"column":12},"end":{"line":53,"column":13}},{"start":{"line":19,"column":12},"end":{"line":53,"column":13}}],"line":19},"3":{"loc":{"start":{"line":27,"column":19},"end":{"line":53,"column":13}},"type":"if","locations":[{"start":{"line":27,"column":19},"end":{"line":53,"column":13}},{"start":{"line":27,"column":19},"end":{"line":53,"column":13}}],"line":27},"4":{"loc":{"start":{"line":37,"column":17},"end":{"line":53,"column":13}},"type":"if","locations":[{"start":{"line":37,"column":17},"end":{"line":53,"column":13}},{"start":{"line":37,"column":17},"end":{"line":53,"column":13}}],"line":37},"5":{"loc":{"start":{"line":55,"column":12},"end":{"line":72,"column":13}},"type":"if","locations":[{"start":{"line":55,"column":12},"end":{"line":72,"column":13}},{"start":{"line":55,"column":12},"end":{"line":72,"column":13}}],"line":55},"6":{"loc":{"start":{"line":59,"column":19},"end":{"line":72,"column":13}},"type":"if","locations":[{"start":{"line":59,"column":19},"end":{"line":72,"column":13}},{"start":{"line":59,"column":19},"end":{"line":72,"column":13}}],"line":59},"7":{"loc":{"start":{"line":64,"column":17},"end":{"line":72,"column":13}},"type":"if","locations":[{"start":{"line":64,"column":17},"end":{"line":72,"column":13}},{"start":{"line":64,"column":17},"end":{"line":72,"column":13}}],"line":64}},"s":{"0":2,"1":0,"2":0,"3":2,"4":5,"5":5,"6":1,"7":0,"8":1,"9":0,"10":1,"11":0,"12":1,"13":4,"14":1,"15":3,"16":2,"17":1,"18":0,"19":1,"20":5,"21":0,"22":0,"23":0,"24":2},"f":{"0":0,"1":0,"2":2,"3":5,"4":0},"b":{"0":[1,4],"1":[5,1],"2":[0,1],"3":[0,1],"4":[0,1],"5":[1,3],"6":[2,1],"7":[0,1]},"_coverageSchema":"43e27e138ebf9cfc5966b082cf9a028302ed4184","hash":"63d9203e27a604e528b28c39efe4232f8da7d88f"}
}
