TN:
SF:/Users/federicomoralesotero/Desktop/OVloop/back/src/controllers/messages.controller.js
FN:8,(anonymous_0)
FN:14,(anonymous_1)
FN:20,(anonymous_2)
FN:25,(anonymous_3)
FN:30,(anonymous_4)
FN:39,(anonymous_5)
FN:72,(anonymous_6)
FN:86,(anonymous_7)
FNF:8
FNH:4
FNDA:2,(anonymous_0)
FNDA:2,(anonymous_1)
FNDA:0,(anonymous_2)
FNDA:0,(anonymous_3)
FNDA:2,(anonymous_4)
FNDA:2,(anonymous_5)
FNDA:0,(anonymous_6)
FNDA:0,(anonymous_7)
DA:1,1
DA:2,1
DA:3,1
DA:4,1
DA:5,1
DA:7,1
DA:8,1
DA:10,2
DA:15,2
DA:16,2
DA:17,1
DA:21,0
DA:22,0
DA:26,0
DA:27,0
DA:31,2
DA:33,1
DA:34,1
DA:35,1
DA:40,2
DA:41,2
DA:44,2
DA:51,2
DA:54,0
DA:57,0
DA:63,0
DA:65,0
DA:66,0
DA:69,0
DA:72,0
DA:73,0
DA:74,0
DA:75,0
DA:76,0
DA:85,0
DA:87,0
DA:94,0
DA:95,0
DA:97,0
DA:98,0
DA:104,1
LF:41
LH:20
BRDA:16,0,0,1
BRDA:16,0,1,1
BRDA:31,1,0,1
BRDA:31,1,1,1
BRDA:41,2,0,2
BRDA:41,2,1,2
BRDA:44,3,0,2
BRDA:44,3,1,0
BRDA:44,4,0,2
BRDA:44,4,1,1
BRDA:44,4,2,0
BRDA:44,4,3,0
BRDA:44,4,4,0
BRDA:44,4,5,0
BRDA:44,4,6,0
BRDA:44,4,7,0
BRDA:65,5,0,0
BRDA:65,5,1,0
BRF:18
BRH:9
end_of_record
TN:
SF:/Users/federicomoralesotero/Desktop/OVloop/back/src/daos/messages.dao.js
FN:8,(anonymous_0)
FN:12,(anonymous_1)
FN:16,(anonymous_2)
FN:18,(anonymous_3)
FN:23,(anonymous_4)
FN:27,(anonymous_5)
FN:29,(anonymous_6)
FN:31,(anonymous_7)
FN:43,(anonymous_8)
FN:46,(anonymous_9)
FN:49,(anonymous_10)
FN:51,(anonymous_11)
FN:60,(anonymous_12)
FNF:13
FNH:0
FNDA:0,(anonymous_0)
FNDA:0,(anonymous_1)
FNDA:0,(anonymous_2)
FNDA:0,(anonymous_3)
FNDA:0,(anonymous_4)
FNDA:0,(anonymous_5)
FNDA:0,(anonymous_6)
FNDA:0,(anonymous_7)
FNDA:0,(anonymous_8)
FNDA:0,(anonymous_9)
FNDA:0,(anonymous_10)
FNDA:0,(anonymous_11)
FNDA:0,(anonymous_12)
DA:1,3
DA:2,3
DA:4,3
DA:5,3
DA:9,0
DA:13,0
DA:17,0
DA:19,0
DA:24,0
DA:25,0
DA:28,0
DA:29,0
DA:33,0
DA:38,0
DA:40,0
DA:42,0
DA:44,0
DA:45,0
DA:47,0
DA:50,0
DA:52,0
DA:53,0
DA:58,0
DA:59,0
DA:60,0
DA:65,3
LF:26
LH:5
BRDA:47,0,0,0
BRDA:47,0,1,0
BRF:2
BRH:0
end_of_record
TN:
SF:/Users/federicomoralesotero/Desktop/OVloop/back/src/dbmodels/message.js
FN:15,(anonymous_0)
FNF:1
FNH:0
FNDA:0,(anonymous_0)
DA:1,4
DA:3,4
DA:5,4
DA:15,4
DA:16,0
DA:19,4
DA:21,4
LF:7
LH:6
BRF:0
BRH:0
end_of_record
TN:
SF:/Users/federicomoralesotero/Desktop/OVloop/back/src/dbmodels/originList.js
FNF:0
FNH:0
DA:1,3
DA:3,3
DA:7,3
DA:9,3
LF:4
LH:4
BRF:0
BRH:0
end_of_record
TN:
SF:/Users/federicomoralesotero/Desktop/OVloop/back/src/models/messages.models.js
FN:4,(anonymous_0)
FN:8,(anonymous_1)
FN:12,(anonymous_2)
FN:16,(anonymous_3)
FN:76,(anonymous_4)
FNF:5
FNH:2
FNDA:0,(anonymous_0)
FNDA:0,(anonymous_1)
FNDA:2,(anonymous_2)
FNDA:0,(anonymous_3)
FNDA:1,(anonymous_4)
DA:1,2
DA:5,0
DA:9,0
DA:13,2
DA:17,0
DA:18,0
DA:19,0
DA:20,0
DA:27,0
DA:28,0
DA:37,0
DA:38,0
DA:47,0
DA:55,0
DA:56,0
DA:59,0
DA:60,0
DA:64,0
DA:65,0
DA:70,0
DA:74,0
DA:77,1
DA:78,1
DA:88,1
DA:92,2
LF:25
LH:6
BRDA:18,0,0,0
BRDA:18,0,1,0
BRDA:18,1,0,0
BRDA:18,1,1,0
BRDA:19,2,0,0
BRDA:19,2,1,0
BRDA:27,3,0,0
BRDA:27,3,1,0
BRDA:37,4,0,0
BRDA:37,4,1,0
BRDA:55,5,0,0
BRDA:55,5,1,0
BRDA:59,6,0,0
BRDA:59,6,1,0
BRDA:64,7,0,0
BRDA:64,7,1,0
BRF:16
BRH:0
end_of_record
