TN:
SF:/Users/federicomoralesotero/Desktop/OVloop/back/src/controllers/messages.controller.js
FN:7,(anonymous_0)
FN:13,(anonymous_1)
FN:19,(anonymous_2)
FN:24,(anonymous_3)
FN:29,(anonymous_4)
FN:38,(anonymous_5)
FNF:6
FNH:2
FNDA:0,(anonymous_0)
FNDA:1,(anonymous_1)
FNDA:0,(anonymous_2)
FNDA:0,(anonymous_3)
FNDA:2,(anonymous_4)
FNDA:0,(anonymous_5)
DA:1,1
DA:2,1
DA:3,1
DA:4,1
DA:7,1
DA:9,0
DA:14,1
DA:15,1
DA:16,1
DA:20,0
DA:21,0
DA:25,0
DA:26,0
DA:30,2
DA:32,1
DA:33,1
DA:34,1
DA:39,0
DA:40,0
DA:43,0
DA:50,0
DA:53,0
DA:54,0
DA:55,0
DA:57,0
DA:58,0
DA:64,1
LF:27
LH:13
BRDA:15,0,0,0
BRDA:15,0,1,1
BRDA:30,1,0,1
BRDA:30,1,1,1
BRDA:40,2,0,0
BRDA:40,2,1,0
BRDA:43,3,0,0
BRDA:43,3,1,0
BRDA:43,4,0,0
BRDA:43,4,1,0
BRDA:43,4,2,0
BRDA:43,4,3,0
BRDA:43,4,4,0
BRDA:43,4,5,0
BRDA:43,4,6,0
BRDA:43,4,7,0
BRF:16
BRH:3
end_of_record
TN:
SF:/Users/federicomoralesotero/Desktop/OVloop/back/src/daos/messages.dao.js
FN:8,(anonymous_0)
FN:12,(anonymous_1)
FN:16,(anonymous_2)
FN:18,(anonymous_3)
FN:22,(anonymous_4)
FN:26,(anonymous_5)
FN:28,(anonymous_6)
FN:30,(anonymous_7)
FN:43,(anonymous_8)
FN:46,(anonymous_9)
FN:49,(anonymous_10)
FN:51,(anonymous_11)
FN:60,(anonymous_12)
FNF:13
FNH:5
FNDA:2,(anonymous_0)
FNDA:2,(anonymous_1)
FNDA:7,(anonymous_2)
FNDA:7,(anonymous_3)
FNDA:0,(anonymous_4)
FNDA:0,(anonymous_5)
FNDA:0,(anonymous_6)
FNDA:1,(anonymous_7)
FNDA:0,(anonymous_8)
FNDA:0,(anonymous_9)
FNDA:0,(anonymous_10)
FNDA:0,(anonymous_11)
FNDA:0,(anonymous_12)
DA:1,3
DA:2,3
DA:4,3
DA:5,3
DA:9,2
DA:13,2
DA:17,7
DA:19,7
DA:23,0
DA:24,0
DA:27,0
DA:28,0
DA:32,1
DA:36,1
DA:38,1
DA:40,1
DA:42,1
DA:44,0
DA:45,0
DA:47,0
DA:50,0
DA:52,0
DA:53,0
DA:58,0
DA:59,0
DA:60,0
DA:65,3
LF:27
LH:14
BRDA:47,0,0,0
BRDA:47,0,1,0
BRF:2
BRH:0
end_of_record
TN:
SF:/Users/federicomoralesotero/Desktop/OVloop/back/src/dbmodels/message.js
FN:15,(anonymous_0)
FNF:1
FNH:1
FNDA:1,(anonymous_0)
DA:1,3
DA:3,3
DA:5,3
DA:15,3
DA:16,1
DA:19,3
DA:21,3
LF:7
LH:7
BRF:0
BRH:0
end_of_record
TN:
SF:/Users/federicomoralesotero/Desktop/OVloop/back/src/dbmodels/originList.js
FNF:0
FNH:0
DA:1,3
DA:3,3
DA:7,3
DA:9,3
LF:4
LH:4
BRF:0
BRH:0
end_of_record
TN:
SF:/Users/federicomoralesotero/Desktop/OVloop/back/src/models/messages.models.js
FN:4,(anonymous_0)
FN:8,(anonymous_1)
FN:12,(anonymous_2)
FN:16,(anonymous_3)
FN:76,(anonymous_4)
FNF:5
FNH:2
FNDA:0,(anonymous_0)
FNDA:0,(anonymous_1)
FNDA:2,(anonymous_2)
FNDA:5,(anonymous_3)
FNDA:0,(anonymous_4)
DA:1,2
DA:5,0
DA:9,0
DA:13,2
DA:17,5
DA:18,5
DA:19,1
DA:20,0
DA:27,1
DA:28,0
DA:37,1
DA:38,0
DA:47,1
DA:55,4
DA:56,1
DA:59,3
DA:60,2
DA:64,1
DA:65,0
DA:70,1
DA:74,5
DA:77,0
DA:78,0
DA:88,0
DA:92,2
LF:25
LH:16
BRDA:18,0,0,1
BRDA:18,0,1,4
BRDA:18,1,0,5
BRDA:18,1,1,1
BRDA:19,2,0,0
BRDA:19,2,1,1
BRDA:27,3,0,0
BRDA:27,3,1,1
BRDA:37,4,0,0
BRDA:37,4,1,1
BRDA:55,5,0,1
BRDA:55,5,1,3
BRDA:59,6,0,2
BRDA:59,6,1,1
BRDA:64,7,0,0
BRDA:64,7,1,1
BRF:16
BRH:12
end_of_record
